<?xml version="1.0" encoding="UTF-8"?>
<!-- Generated by org.testng.reporters.JUnitReportReporter -->
<testsuite hostname="Dell" name="com.hrms.TestScripts.TC_102" tests="1" failures="0" timestamp="18 Dec 2019 05:29:29 GMT" time="42.956" errors="0">
  <testcase name="TC_102" time="42.956" classname="com.hrms.TestScripts.TC_102"/>
</testsuite> <!-- com.hrms.TestScripts.TC_102 -->
