<?xml version="1.0" encoding="UTF-8"?>
<!-- Generated by org.testng.reporters.JUnitReportReporter -->
<testsuite hostname="Dell" name="com.hrms.TestScripts.TC_101" tests="1" failures="0" timestamp="18 Dec 2019 05:29:29 GMT" time="58.849" errors="0">
  <testcase name="TC101" time="58.849" classname="com.hrms.TestScripts.TC_101"/>
</testsuite> <!-- com.hrms.TestScripts.TC_101 -->
